2025-11-11 16:00:00 [[31merror[39m]: Error: Failed to verify Otp
    at TwilioService.verifyOtp (file:///C:/herblinkpro/backend/dist/config/twilio.js:29:19)
    at process.processTicksAndRejections (node:internal/process/task_queues:105:5)
    at async FarmerSignUpVerifyOtp (file:///C:/herblinkpro/backend/dist/controllers/farmer/auth.farmer.js:54:24)
2025-11-13 16:26:28 [[31merror[39m]: Error: Failed to send Otp
    at TwilioService.sendOTP (file:///C:/herblinkpro/backend/dist/config/twilio.js:17:19)
    at process.processTicksAndRejections (node:internal/process/task_queues:105:5)
    at async FarmerSignUp (file:///C:/herblinkpro/backend/dist/controllers/farmer/auth.farmer.js:34:19)
2025-11-17 17:58:04 [[31merror[39m]: Error: Failed to verify Otp
    at TwilioService.verifyOtp (file:///C:/herblinkpro/backend/dist/config/twilio.js:29:19)
    at process.processTicksAndRejections (node:internal/process/task_queues:105:5)
    at async FarmerSignUpVerifyOtp (file:///C:/herblinkpro/backend/dist/controllers/farmer/auth.farmer.js:100:24)
2025-11-22 16:10:40 [[31merror[39m]: ERROR_FARMER_AddInfo PrismaClientValidationError: 
Invalid `prisma.farmer.update()` invocation:

{
  where: {
    id: "728b6bd9-6de4-4814-b74e-a26e63b11421"
  },
  data: {
    fullName: "Rohit Lodhi",
    dob: "2025-11-03",
         ~~~~~~~~~~~~
    address: "Bhopal MP Bhopal MP Bhopal MP Bhopal MP",
    password: "$2b$10$CQkOfeA8wpIDVJ0P.g3yOOgxB1.fbaYreC5kkEDAFfWho.XSrqbPK"
  }
}

Invalid value for argument `dob`: premature end of input. Expected ISO-8601 DateTime.
2025-11-22 16:48:15 [[31merror[39m]: ERROR_FARMER_AddLandInfo PrismaClientKnownRequestError: 
Invalid `prisma.landInfo.create()` invocation:


Unique constraint failed on the fields: (`farmerID`)
